<?xml version="1.0" encoding="UTF-8"?>
<!-- Generated by org.testng.reporters.JUnitXMLReporter -->
<testsuite ignored="0" hostname="DESKTOP-KOLVAPU" failures="1" tests="2" name="General Store Form Page Test" time="44.992" errors="0" timestamp="27 Oct. 2022 21:15:57 GMT">
  <testcase classname="com.matthewappium.tests.GeneralStoreFormPageTest" name="correctInfoAddedFormSubmit" time="3.989">
    <failure type="java.lang.AssertionError" message="expected [false] but found [true]">
      <![CDATA[java.lang.AssertionError: expected [false] but found [true]
at com.matthewappium.tests.GeneralStoreFormPageTest.correctInfoAddedFormSubmit(GeneralStoreFormPageTest.java:27)
... Removed 31 stack frames]]>
    </failure>
  </testcase> <!-- correctInfoAddedFormSubmit -->
  <testcase classname="com.matthewappium.tests.GeneralStoreFormPageTest" name="incorrectInfoAddedFormSubmit" time="3.67"/>
</testsuite> <!-- General Store Form Page Test -->
